<?xml version="1.0" encoding="UTF-8"?>
<testng-results ignored="0" total="1" passed="1" failed="0" skipped="0">
  <reporter-output>
  </reporter-output>
  <suite started-at="2023-08-07T12:41:20 IST" name="Default suite" finished-at="2023-08-07T12:42:16 IST" duration-ms="56269">
    <groups>
    </groups>
    <test started-at="2023-08-07T12:41:20 IST" name="Default test" finished-at="2023-08-07T12:42:16 IST" duration-ms="56269">
      <class name="Test.Rediffregistrationpage">
        <test-method is-config="true" signature="setup()[pri:0, instance:Test.Rediffregistrationpage@2eae8e6e]" started-at="2023-08-07T12:41:20 IST" name="setup" finished-at="2023-08-07T12:42:00 IST" duration-ms="40278" status="PASS">
          <reporter-output>
          </reporter-output>
        </test-method> <!-- setup -->
        <test-method signature="rediff()[pri:0, instance:Test.Rediffregistrationpage@2eae8e6e]" started-at="2023-08-07T12:42:01 IST" name="rediff" finished-at="2023-08-07T12:42:16 IST" duration-ms="15713" status="PASS">
          <reporter-output>
          </reporter-output>
        </test-method> <!-- rediff -->
      </class> <!-- Test.Rediffregistrationpage -->
    </test> <!-- Default test -->
  </suite> <!-- Default suite -->
</testng-results>
